<?xml version="1.0" encoding="utf-8"?><testsuites><testsuite errors="0" failures="0" hostname="91ISDL035219" name="pytest" skipped="0" tests="0" time="2.774" timestamp="2020-07-17T03:15:48.483369"></testsuite></testsuites>